[2022-07-08T18:31:58.363] [INFO] info - log output
[2022-07-08T18:33:59.140] [INFO] info - log output
[2022-07-08T18:33:59.180] [INFO] info - log output
[2022-07-08T18:35:15.324] [INFO] info - log output
[2022-07-08T18:35:15.347] [INFO] info - log output
[2022-07-08T18:36:37.512] [INFO] info - log output
[2022-07-08T18:36:37.554] [INFO] info - log output
[2022-07-08T18:44:50.079] [INFO] info - log output
[2022-07-08T18:44:50.108] [INFO] info - log output
[2022-07-08T18:58:56.419] [INFO] info - log output
[2022-07-08T18:58:56.464] [INFO] info - log output
[2022-07-09T11:59:12.339] [INFO] info - ***数据库连接成功***
[2022-07-09T12:26:53.532] [INFO] info - ***数据库连接成功***
[2022-07-09T12:27:07.101] [INFO] info - ***数据库连接成功***
[2022-07-09T12:27:08.209] [INFO] info - ***数据库连接成功***
[2022-07-09T12:27:09.778] [INFO] info - ***数据库连接成功***
[2022-07-09T12:27:15.329] [INFO] info - ***数据库连接成功***
[2022-07-09T12:27:20.622] [INFO] info - ***数据库连接成功***
[2022-07-09T12:27:23.695] [INFO] info - ***数据库连接成功***
[2022-07-09T12:27:25.129] [INFO] info - ***数据库连接成功***
[2022-07-09T12:27:27.189] [INFO] info - ***数据库连接成功***
[2022-07-09T12:27:28.938] [INFO] info - ***数据库连接成功***
[2022-07-09T12:27:36.749] [INFO] info - ***数据库连接成功***
[2022-07-09T12:27:37.794] [INFO] info - ***数据库连接成功***
[2022-07-09T12:27:39.866] [INFO] info - ***数据库连接成功***
[2022-07-09T12:27:45.137] [INFO] info - ***数据库连接成功***
[2022-07-09T12:27:48.748] [INFO] info - ***数据库连接成功***
[2022-07-09T12:27:49.687] [INFO] info - ***数据库连接成功***
[2022-07-09T12:27:52.661] [INFO] info - ***数据库连接成功***
[2022-07-09T12:28:03.802] [INFO] info - ***数据库连接成功***
[2022-07-09T12:28:10.343] [INFO] info - ***数据库连接成功***
[2022-07-09T12:28:11.505] [INFO] info - ***数据库连接成功***
[2022-07-09T12:28:16.596] [INFO] info - ***数据库连接成功***
[2022-07-09T12:28:17.922] [INFO] info - ***数据库连接成功***
[2022-07-09T12:28:46.266] [INFO] info - ***数据库连接成功***
[2022-07-09T12:28:52.546] [INFO] info - ***数据库连接成功***
[2022-07-09T12:28:59.194] [INFO] info - ***数据库连接成功***
[2022-07-09T12:29:00.666] [INFO] info - ***数据库连接成功***
[2022-07-09T12:29:02.590] [INFO] info - ***数据库连接成功***
[2022-07-09T12:29:03.591] [INFO] info - ***数据库连接成功***
[2022-07-09T12:30:00.036] [INFO] info - ***数据库连接成功***
[2022-07-09T12:30:39.559] [INFO] info - ***数据库连接成功***
[2022-07-09T12:39:02.254] [INFO] info - ***数据库连接成功***
[2022-07-09T12:44:34.705] [INFO] info - log output
[2022-07-09T12:51:26.210] [INFO] info - ***数据库连接成功***
[2022-07-09T12:51:33.550] [INFO] info - ***数据库连接成功***
[2022-07-09T12:51:35.062] [INFO] info - ***数据库连接成功***
[2022-07-09T12:51:37.999] [INFO] info - ***数据库连接成功***
[2022-07-09T12:51:48.373] [INFO] info - ***数据库连接成功***
[2022-07-09T12:51:50.032] [INFO] info - ***数据库连接成功***
[2022-07-09T12:51:52.762] [INFO] info - ***数据库连接成功***
[2022-07-09T12:51:55.546] [INFO] info - ***数据库连接成功***
[2022-07-09T12:51:57.079] [INFO] info - ***数据库连接成功***
[2022-07-09T12:52:01.634] [INFO] info - ***数据库连接成功***
[2022-07-09T12:53:44.683] [INFO] info - ***数据库连接成功***
[2022-07-09T12:54:10.604] [INFO] info - ***数据库连接成功***
[2022-07-09T12:54:11.373] [INFO] info - ***数据库连接成功***
[2022-07-09T12:54:14.347] [INFO] info - ***数据库连接成功***
[2022-07-09T12:54:16.972] [INFO] info - ***数据库连接成功***
[2022-07-09T12:54:30.976] [INFO] info - ***数据库连接成功***
[2022-07-09T12:54:36.018] [INFO] info - ***数据库连接成功***
[2022-07-09T12:54:37.047] [INFO] info - ***数据库连接成功***
[2022-07-09T12:54:37.784] [INFO] info - ***数据库连接成功***
[2022-07-09T12:54:39.481] [INFO] info - ***数据库连接成功***
[2022-07-09T12:54:41.325] [INFO] info - ***数据库连接成功***
[2022-07-09T12:54:42.008] [INFO] info - ***数据库连接成功***
[2022-07-09T12:54:43.078] [INFO] info - ***数据库连接成功***
[2022-07-09T12:54:44.517] [INFO] info - ***数据库连接成功***
[2022-07-09T12:54:45.820] [INFO] info - ***数据库连接成功***
[2022-07-09T12:54:54.899] [INFO] info - ***数据库连接成功***
[2022-07-09T12:54:55.668] [INFO] info - ***数据库连接成功***
[2022-07-09T12:54:57.000] [INFO] info - ***数据库连接成功***
[2022-07-09T12:55:01.245] [INFO] info - ***数据库连接成功***
[2022-07-09T12:55:02.157] [INFO] info - ***数据库连接成功***
[2022-07-09T12:56:37.011] [INFO] info - ***数据库连接成功***
[2022-07-09T12:57:04.274] [INFO] info - log output
[2022-07-09T12:57:32.299] [INFO] info - ***数据库连接成功***
[2022-07-09T12:57:33.055] [INFO] info - ***数据库连接成功***
[2022-07-09T12:57:38.764] [INFO] info - ***数据库连接成功***
[2022-07-09T12:57:40.900] [INFO] info - ***数据库连接成功***
[2022-07-09T12:57:56.322] [INFO] info - log output
[2022-07-09T12:58:09.944] [INFO] info - ***数据库连接成功***
[2022-07-09T12:58:21.955] [INFO] info - log output
[2022-07-09T12:58:44.124] [INFO] info - ***数据库连接成功***
[2022-07-09T12:58:50.289] [INFO] info - ***数据库连接成功***
[2022-07-09T12:59:09.254] [INFO] info - log output
[2022-07-09T12:59:18.042] [INFO] info - ***数据库连接成功***
[2022-07-09T12:59:24.730] [INFO] info - log output
[2022-07-09T13:02:54.923] [INFO] info - ***数据库连接成功***
[2022-07-09T13:02:58.069] [INFO] info - ***数据库连接成功***
[2022-07-09T13:03:16.481] [INFO] info - log output
[2022-07-09T13:03:43.064] [INFO] info - ***数据库连接成功***
[2022-07-09T13:05:25.741] [INFO] info - ***数据库连接成功***
[2022-07-09T13:07:13.171] [INFO] info - ***数据库连接成功***
[2022-07-09T13:07:16.270] [INFO] info - ***数据库连接成功***
[2022-07-09T13:07:16.895] [INFO] info - ***数据库连接成功***
[2022-07-09T13:08:25.519] [INFO] info - ***数据库连接成功***
[2022-07-09T13:08:45.211] [INFO] info - ***数据库连接成功***
[2022-07-09T13:08:48.241] [INFO] info - ***数据库连接成功***
[2022-07-09T13:09:24.249] [INFO] info - ***数据库连接成功***
[2022-07-09T13:09:56.718] [INFO] info - ***数据库连接成功***
[2022-07-09T13:10:14.424] [INFO] info - ***数据库连接成功***
[2022-07-09T13:10:37.951] [INFO] info - ***数据库连接成功***
[2022-07-09T13:10:38.566] [INFO] info - ***数据库连接成功***
[2022-07-09T13:10:39.253] [INFO] info - ***数据库连接成功***
[2022-07-09T13:10:53.539] [INFO] info - ***数据库连接成功***
[2022-07-09T13:10:54.280] [INFO] info - ***数据库连接成功***
[2022-07-09T13:18:01.772] [INFO] info - ***数据库连接成功***
[2022-07-09T13:18:03.112] [INFO] info - ***数据库连接成功***
[2022-07-09T13:18:06.034] [INFO] info - ***数据库连接成功***
[2022-07-09T13:18:07.523] [INFO] info - ***数据库连接成功***
[2022-07-09T13:18:09.155] [INFO] info - ***数据库连接成功***
[2022-07-09T13:18:10.930] [INFO] info - ***数据库连接成功***
[2022-07-09T13:19:59.830] [INFO] info - ***数据库连接成功***
[2022-07-09T13:21:35.151] [INFO] info - ***数据库连接成功***
[2022-07-09T13:21:38.811] [INFO] info - ***数据库连接成功***
[2022-07-09T13:21:42.025] [INFO] info - ***数据库连接成功***
[2022-07-09T13:21:56.221] [INFO] info - log output
[2022-07-09T13:22:07.229] [INFO] info - log output
[2022-07-09T13:23:08.089] [INFO] info - log output
[2022-07-09T13:25:11.369] [INFO] info - ***数据库连接成功***
[2022-07-09T13:26:52.585] [INFO] info - log output
[2022-07-09T13:27:22.909] [INFO] info - log output
[2022-07-09T13:27:23.086] [INFO] info - log output
[2022-07-09T13:27:39.627] [INFO] info - log output
[2022-07-09T13:27:58.907] [INFO] info - log output
[2022-07-09T13:31:14.687] [INFO] info - ***数据库连接成功***
[2022-07-09T13:31:16.612] [INFO] info - ***数据库连接成功***
[2022-07-09T13:31:17.541] [INFO] info - ***数据库连接成功***
[2022-07-09T13:31:21.119] [INFO] info - log output
[2022-07-09T13:31:25.571] [INFO] info - log output
[2022-07-09T13:33:57.508] [INFO] info - ***数据库连接成功***
[2022-07-09T13:38:39.358] [INFO] info - log output
[2022-07-09T13:39:22.422] [INFO] info - log output
[2022-07-09T13:43:46.555] [INFO] info - log output
[2022-07-09T13:44:53.142] [INFO] info - ***数据库连接成功***
[2022-07-09T13:50:23.977] [INFO] info - log output
[2022-07-09T13:50:56.667] [INFO] info - log output
[2022-07-09T13:52:10.939] [INFO] info - ***数据库连接成功***
[2022-07-09T13:52:14.481] [INFO] info - log output
[2022-07-09T13:52:24.155] [INFO] info - log output
[2022-07-09T13:52:39.584] [INFO] info - ***数据库连接成功***
[2022-07-09T13:52:46.474] [INFO] info - ***数据库连接成功***
[2022-07-09T13:55:14.054] [INFO] info - ***数据库连接成功***
[2022-07-09T13:55:15.795] [INFO] info - ***数据库连接成功***
[2022-07-09T13:55:17.881] [INFO] info - ***数据库连接成功***
[2022-07-09T13:56:10.303] [INFO] info - ***数据库连接成功***
[2022-07-09T13:56:16.879] [INFO] info - ***数据库连接成功***
[2022-07-09T13:57:23.019] [INFO] info - ***数据库连接成功***
[2022-07-09T13:57:40.479] [INFO] info - log output
[2022-07-09T13:58:43.488] [INFO] info - ***数据库连接成功***
[2022-07-09T13:58:51.549] [INFO] info - log output
[2022-07-09T14:00:08.725] [INFO] info - log output
[2022-07-09T14:00:49.229] [INFO] info - log output
[2022-07-09T14:01:11.344] [INFO] info - ***数据库连接成功***
[2022-07-09T14:01:22.825] [INFO] info - ***数据库连接成功***
[2022-07-09T14:01:38.704] [INFO] info - ***数据库连接成功***
[2022-07-09T14:01:43.099] [INFO] info - ***数据库连接成功***
[2022-07-09T14:02:52.276] [INFO] info - log output
[2022-07-09T14:07:22.515] [INFO] info - log output
[2022-07-09T14:07:54.293] [INFO] info - log output
[2022-07-09T14:10:39.875] [INFO] info - log output
[2022-07-09T14:10:49.473] [INFO] info - log output
[2022-07-09T14:11:20.726] [INFO] info - log output
[2022-07-09T14:12:25.232] [INFO] info - ***数据库连接成功***
[2022-07-09T14:12:32.779] [INFO] info - ***数据库连接成功***
[2022-07-09T14:12:34.612] [INFO] info - ***数据库连接成功***
[2022-07-09T14:13:53.006] [INFO] info - log output
[2022-07-09T14:14:17.046] [INFO] info - ***数据库连接成功***
[2022-07-09T14:14:57.480] [INFO] info - ***数据库连接成功***
[2022-07-09T14:15:01.862] [INFO] info - ***数据库连接成功***
[2022-07-09T14:15:05.004] [INFO] info - ***数据库连接成功***
[2022-07-09T14:16:40.675] [INFO] info - log output
[2022-07-09T14:18:11.396] [INFO] info - ***数据库连接成功***
[2022-07-09T14:18:20.612] [INFO] info - ***数据库连接成功***
[2022-07-09T14:18:23.621] [INFO] info - ***数据库连接成功***
[2022-07-09T14:18:45.707] [INFO] info - ***数据库连接成功***
[2022-07-09T14:18:46.694] [INFO] info - ***数据库连接成功***
[2022-07-09T14:18:48.422] [INFO] info - ***数据库连接成功***
[2022-07-09T14:18:49.941] [INFO] info - ***数据库连接成功***
[2022-07-09T14:18:51.026] [INFO] info - log output
[2022-07-09T14:19:05.622] [INFO] info - ***数据库连接成功***
[2022-07-09T14:19:06.766] [INFO] info - log output
[2022-07-09T14:19:21.055] [INFO] info - ***数据库连接成功***
[2022-07-09T14:19:25.273] [INFO] info - ***数据库连接成功***
[2022-07-09T14:19:26.398] [INFO] info - ***数据库连接成功***
[2022-07-09T14:19:30.774] [INFO] info - log output
[2022-07-09T14:19:53.562] [INFO] info - ***数据库连接成功***
[2022-07-09T14:19:57.916] [INFO] info - log output
[2022-07-09T14:20:04.242] [INFO] info - log output
[2022-07-09T14:21:42.700] [INFO] info - log output
[2022-07-09T14:21:56.056] [INFO] info - log output
[2022-07-09T14:27:34.470] [INFO] info - ***数据库连接成功***
[2022-07-09T14:27:57.989] [INFO] info - ***数据库连接成功***
[2022-07-09T14:27:58.999] [INFO] info - ***数据库连接成功***
[2022-07-09T14:30:55.360] [INFO] info - log output
[2022-07-09T14:31:35.310] [INFO] info - ***数据库连接成功***
[2022-07-09T14:31:59.891] [INFO] info - ***数据库连接成功***
[2022-07-09T14:32:02.163] [INFO] info - log output
[2022-07-09T14:32:09.637] [INFO] info - ***数据库连接成功***
[2022-07-09T14:32:52.687] [INFO] info - log output
[2022-07-09T14:35:01.247] [INFO] info - ***数据库连接成功***
[2022-07-09T14:35:03.551] [INFO] info - ***数据库连接成功***
[2022-07-09T14:35:04.945] [INFO] info - ***数据库连接成功***
[2022-07-09T14:35:08.778] [INFO] info - log output
[2022-07-09T14:35:20.512] [INFO] info - ***数据库连接成功***
[2022-07-09T14:36:30.926] [INFO] info - ***数据库连接成功***
[2022-07-09T14:36:33.837] [INFO] info - ***数据库连接成功***
[2022-07-09T14:36:34.532] [INFO] info - ***数据库连接成功***
[2022-07-09T14:36:36.728] [INFO] info - ***数据库连接成功***
[2022-07-09T14:42:04.936] [INFO] info - ***数据库连接成功***
[2022-07-09T14:42:05.732] [INFO] info - ***数据库连接成功***
[2022-07-09T14:42:38.949] [INFO] info - ***数据库连接成功***
[2022-07-09T14:42:41.991] [INFO] info - ***数据库连接成功***
[2022-07-09T14:43:01.909] [INFO] info - ***数据库连接成功***
[2022-07-09T14:44:00.208] [INFO] info - ***数据库连接成功***
[2022-07-09T14:44:03.157] [INFO] info - ***数据库连接成功***
[2022-07-09T14:44:49.862] [INFO] info - ***数据库连接成功***
[2022-07-09T14:45:05.763] [INFO] info - ***数据库连接成功***
[2022-07-09T14:45:08.650] [INFO] info - ***数据库连接成功***
[2022-07-09T14:45:18.515] [INFO] info - ***数据库连接成功***
[2022-07-09T14:45:21.501] [INFO] info - ***数据库连接成功***
[2022-07-09T14:46:21.204] [INFO] info - ***数据库连接成功***
[2022-07-09T14:46:36.110] [INFO] info - ***数据库连接成功***
[2022-07-09T14:47:08.612] [INFO] info - ***数据库连接成功***
[2022-07-09T14:47:11.542] [INFO] info - ***数据库连接成功***
[2022-07-09T14:47:12.736] [INFO] info - ***数据库连接成功***
[2022-07-09T14:47:13.665] [INFO] info - ***数据库连接成功***
[2022-07-09T14:47:26.008] [INFO] info - log output
[2022-07-09T14:47:47.549] [INFO] info - ***数据库连接成功***
[2022-07-09T14:47:51.186] [INFO] info - ***数据库连接成功***
[2022-07-09T14:47:52.212] [INFO] info - ***数据库连接成功***
[2022-07-09T14:48:12.562] [INFO] info - log output
[2022-07-09T14:48:27.691] [INFO] info - ***数据库连接成功***
[2022-07-09T14:50:25.117] [INFO] info - ***数据库连接成功***
[2022-07-09T14:50:29.187] [INFO] info - ***数据库连接成功***
[2022-07-09T14:50:30.891] [INFO] info - ***数据库连接成功***
[2022-07-09T14:50:31.707] [INFO] info - ***数据库连接成功***
[2022-07-09T14:50:32.855] [INFO] info - ***数据库连接成功***
[2022-07-09T14:50:34.961] [INFO] info - ***数据库连接成功***
[2022-07-09T14:50:35.607] [INFO] info - ***数据库连接成功***
[2022-07-09T14:50:37.182] [INFO] info - log output
[2022-07-09T14:50:48.245] [INFO] info - ***数据库连接成功***
[2022-07-09T14:50:49.262] [INFO] info - log output
[2022-07-09T14:51:03.334] [INFO] info - ***数据库连接成功***
[2022-07-09T14:51:53.371] [INFO] info - ***数据库连接成功***
[2022-07-09T14:51:57.312] [INFO] info - log output
[2022-07-09T14:56:28.202] [INFO] info - ***数据库连接成功***
[2022-07-09T14:56:31.734] [INFO] info - log output
[2022-07-09T14:57:08.899] [INFO] info - ***数据库连接成功***
[2022-07-09T14:57:13.480] [INFO] info - ***数据库连接成功***
[2022-07-09T14:57:17.512] [INFO] info - ***数据库连接成功***
[2022-07-09T14:57:18.585] [INFO] info - ***数据库连接成功***
[2022-07-09T14:57:20.508] [INFO] info - ***数据库连接成功***
[2022-07-09T14:59:09.257] [INFO] info - ***数据库连接成功***
[2022-07-09T14:59:12.037] [INFO] info - ***数据库连接成功***
[2022-07-09T14:59:14.261] [INFO] info - ***数据库连接成功***
[2022-07-09T14:59:24.075] [INFO] info - ***数据库连接成功***
[2022-07-09T14:59:27.257] [INFO] info - ***数据库连接成功***
[2022-07-09T14:59:35.158] [INFO] info - ***数据库连接成功***
[2022-07-09T15:00:07.522] [INFO] info - ***数据库连接成功***
[2022-07-09T15:00:08.561] [INFO] info - ***数据库连接成功***
[2022-07-09T15:01:25.153] [INFO] info - ***数据库连接成功***
[2022-07-09T15:01:31.431] [INFO] info - ***数据库连接成功***
[2022-07-09T15:05:30.170] [INFO] info - ***数据库连接成功***
[2022-07-09T15:05:36.073] [INFO] info - get params:{}
[2022-07-09T15:05:36.073] [INFO] info - post params:{"userName":"admin","userPwd":"123456"}
[2022-07-09T15:12:06.922] [INFO] info - get params:{}
[2022-07-09T15:12:06.922] [INFO] info - post params:{"userName":"admin","userPwd":"123456"}
[2022-07-09T15:12:40.580] [INFO] info - ***数据库连接成功***
[2022-07-09T15:12:44.540] [INFO] info - ***数据库连接成功***
[2022-07-09T15:12:52.760] [INFO] info - get params:{}
[2022-07-09T15:12:52.760] [INFO] info - post params:{"userName":"admin","userPwd":"123456"}
[2022-07-09T15:12:56.620] [INFO] info - get params:{}
[2022-07-09T15:12:56.620] [INFO] info - post params:{"userName":"admin","userPwd":"123456"}
[2022-07-09T15:13:35.405] [INFO] info - get params:{}
[2022-07-09T15:13:35.406] [INFO] info - post params:{"userName":"admin","userPwd":"123456"}
[2022-07-09T15:13:49.066] [INFO] info - ***数据库连接成功***
[2022-07-09T15:14:26.160] [INFO] info - get params:{}
[2022-07-09T15:14:26.160] [INFO] info - post params:{"userName":"admin","userPwd":"123456"}
[2022-07-09T15:14:41.063] [INFO] info - ***数据库连接成功***
[2022-07-09T15:14:42.221] [INFO] info - ***数据库连接成功***
[2022-07-09T15:16:35.478] [INFO] info - ***数据库连接成功***
[2022-07-09T15:16:36.576] [INFO] info - ***数据库连接成功***
[2022-07-09T15:16:58.513] [INFO] info - get params:{}
[2022-07-09T15:16:58.514] [INFO] info - post params:{"userName":"admin","userPwd":"123456"}
[2022-07-09T15:20:58.776] [INFO] info - get params:{}
[2022-07-09T15:20:58.776] [INFO] info - post params:{"userName":"admin","userPwd":"123456"}
[2022-07-09T15:21:25.134] [INFO] info - ***数据库连接成功***
[2022-07-09T15:21:40.936] [INFO] info - ***数据库连接成功***
[2022-07-09T15:21:42.420] [INFO] info - ***数据库连接成功***
[2022-07-09T15:21:47.820] [INFO] info - ***数据库连接成功***
[2022-07-09T15:21:53.089] [INFO] info - ***数据库连接成功***
[2022-07-09T15:21:54.101] [INFO] info - ***数据库连接成功***
[2022-07-09T15:21:57.306] [INFO] info - ***数据库连接成功***
[2022-07-09T15:22:01.825] [INFO] info - get params:{}
[2022-07-09T15:22:01.826] [INFO] info - post params:{"userName":"admin","userPwd":"123456"}
[2022-07-09T15:23:27.464] [INFO] info - ***数据库连接成功***
[2022-07-09T15:23:32.316] [INFO] info - get params:{}
[2022-07-09T15:23:32.316] [INFO] info - post params:{"userName":"admin","userPwd":"admin"}
[2022-07-09T16:08:30.348] [INFO] info - get params:{}
[2022-07-09T16:08:30.349] [INFO] info - post params:{"userName":"admin","userPwd":"admin"}
[2022-07-09T16:16:57.028] [INFO] info - get params:{}
[2022-07-09T16:16:57.029] [INFO] info - post params:{"userName":"admin","userPwd":"admin"}
[2022-07-09T16:17:22.398] [INFO] info - ***数据库连接成功***
[2022-07-09T16:17:24.682] [INFO] info - ***数据库连接成功***
[2022-07-09T16:17:29.505] [INFO] info - ***数据库连接成功***
[2022-07-09T16:17:32.339] [INFO] info - ***数据库连接成功***
[2022-07-09T16:17:36.583] [INFO] info - ***数据库连接成功***
[2022-07-09T23:10:56.628] [INFO] info - ***数据库连接成功***
[2022-07-09T23:11:32.379] [INFO] info - get params:{}
[2022-07-09T23:11:32.380] [INFO] info - post params:{}
[2022-07-09T23:11:33.739] [INFO] info - get params:{}
[2022-07-09T23:11:33.740] [INFO] info - post params:{}
[2022-07-09T23:11:38.423] [INFO] info - get params:{}
[2022-07-09T23:11:38.423] [INFO] info - post params:{}
[2022-07-09T23:11:38.434] [INFO] info - get params:{}
[2022-07-09T23:11:38.435] [INFO] info - post params:{}
[2022-07-09T23:11:57.182] [INFO] info - get params:{}
[2022-07-09T23:11:57.182] [INFO] info - post params:{"userName":"admin","userPwd":"admin"}
[2022-07-09T23:11:57.557] [INFO] info - get params:{}
[2022-07-09T23:11:57.557] [INFO] info - post params:{}
[2022-07-09T23:11:57.561] [INFO] info - get params:{}
[2022-07-09T23:11:57.561] [INFO] info - post params:{}
[2022-07-09T23:12:46.681] [INFO] info - ***数据库连接成功***
[2022-07-09T23:12:48.067] [INFO] info - ***数据库连接成功***
[2022-07-09T23:12:51.088] [INFO] info - ***数据库连接成功***
[2022-07-09T23:12:52.248] [INFO] info - ***数据库连接成功***
[2022-07-09T23:12:53.060] [INFO] info - ***数据库连接成功***
[2022-07-09T23:12:54.561] [INFO] info - ***数据库连接成功***
[2022-07-09T23:12:55.999] [INFO] info - ***数据库连接成功***
[2022-07-09T23:12:59.156] [INFO] info - ***数据库连接成功***
[2022-07-09T23:13:18.904] [INFO] info - get params:{}
[2022-07-09T23:13:18.904] [INFO] info - post params:{"userName":"admin","userPwd":"admin"}
[2022-07-09T23:13:19.164] [INFO] info - get params:{}
[2022-07-09T23:13:19.165] [INFO] info - post params:{}
[2022-07-09T23:13:19.301] [INFO] info - get params:{}
[2022-07-09T23:13:19.301] [INFO] info - post params:{}
[2022-07-09T23:13:45.264] [INFO] info - ***数据库连接成功***
[2022-07-09T23:14:05.756] [INFO] info - ***数据库连接成功***
[2022-07-09T23:14:06.822] [INFO] info - ***数据库连接成功***
[2022-07-09T23:14:08.677] [INFO] info - ***数据库连接成功***
[2022-07-09T23:14:12.170] [INFO] info - ***数据库连接成功***
[2022-07-09T23:14:20.719] [INFO] info - get params:{}
[2022-07-09T23:14:20.720] [INFO] info - post params:{"userName":"admin","userPwd":"admin"}
[2022-07-09T23:14:20.957] [INFO] info - get params:{}
[2022-07-09T23:14:20.958] [INFO] info - post params:{}
[2022-07-09T23:14:21.104] [INFO] info - get params:{}
[2022-07-09T23:14:21.104] [INFO] info - post params:{}
[2022-07-09T23:17:10.524] [INFO] info - ***数据库连接成功***
[2022-07-09T23:17:19.759] [INFO] info - get params:{}
[2022-07-09T23:17:19.760] [INFO] info - post params:{"userName":"admin","userPwd":"admin"}
[2022-07-09T23:17:20.030] [INFO] info - get params:{}
[2022-07-09T23:17:20.031] [INFO] info - post params:{}
[2022-07-09T23:17:20.138] [INFO] info - get params:{}
[2022-07-09T23:17:20.138] [INFO] info - post params:{}
[2022-07-09T23:17:32.580] [INFO] info - ***数据库连接成功***
[2022-07-09T23:17:33.394] [INFO] info - ***数据库连接成功***
[2022-07-09T23:17:41.562] [INFO] info - get params:{}
[2022-07-09T23:17:41.563] [INFO] info - post params:{"userName":"admin","userPwd":"admin"}
[2022-07-09T23:17:41.632] [INFO] info - get params:{}
[2022-07-09T23:17:41.633] [INFO] info - post params:{}
[2022-07-09T23:17:41.932] [INFO] info - get params:{}
[2022-07-09T23:17:41.932] [INFO] info - post params:{}
[2022-07-09T23:18:14.074] [INFO] info - ***数据库连接成功***
[2022-07-09T23:18:18.300] [INFO] info - ***数据库连接成功***
[2022-07-09T23:18:26.790] [INFO] info - get params:{}
[2022-07-09T23:18:26.790] [INFO] info - post params:{"userName":"admin","userPwd":"admin"}
[2022-07-09T23:18:27.179] [INFO] info - get params:{}
[2022-07-09T23:18:27.179] [INFO] info - post params:{}
[2022-07-09T23:18:27.183] [INFO] info - get params:{}
[2022-07-09T23:18:27.183] [INFO] info - post params:{}
[2022-07-09T23:19:44.839] [INFO] info - ***数据库连接成功***
[2022-07-09T23:19:50.129] [INFO] info - ***数据库连接成功***
[2022-07-09T23:19:51.429] [INFO] info - ***数据库连接成功***
[2022-07-09T23:19:53.869] [INFO] info - ***数据库连接成功***
[2022-07-09T23:19:57.055] [INFO] info - ***数据库连接成功***
[2022-07-09T23:19:58.776] [INFO] info - ***数据库连接成功***
[2022-07-09T23:19:59.967] [INFO] info - ***数据库连接成功***
[2022-07-09T23:20:16.006] [INFO] info - get params:{}
[2022-07-09T23:20:16.007] [INFO] info - post params:{"userName":"admin","userPwd":"admin"}
[2022-07-09T23:20:33.785] [INFO] info - get params:{}
[2022-07-09T23:20:33.785] [INFO] info - post params:{"userName":"admin","userPwd":"admin"}
[2022-07-09T23:20:49.261] [INFO] info - get params:{}
[2022-07-09T23:20:49.261] [INFO] info - post params:{}
[2022-07-09T23:20:49.266] [INFO] info - get params:{}
[2022-07-09T23:20:49.266] [INFO] info - post params:{}
[2022-07-09T23:20:50.595] [INFO] info - get params:{}
[2022-07-09T23:20:50.595] [INFO] info - post params:{}
[2022-07-09T23:20:50.600] [INFO] info - get params:{}
[2022-07-09T23:20:50.600] [INFO] info - post params:{}
[2022-07-09T23:21:10.833] [INFO] info - get params:{}
[2022-07-09T23:21:10.833] [INFO] info - post params:{"userName":"admin","userPwd":"admin"}
[2022-07-09T23:23:14.011] [INFO] info - ***数据库连接成功***
[2022-07-09T23:23:19.058] [INFO] info - ***数据库连接成功***
[2022-07-09T23:23:20.516] [INFO] info - ***数据库连接成功***
[2022-07-09T23:23:22.416] [INFO] info - ***数据库连接成功***
[2022-07-09T23:23:32.906] [INFO] info - ***数据库连接成功***
[2022-07-09T23:23:36.200] [INFO] info - ***数据库连接成功***
[2022-07-09T23:23:41.783] [INFO] info - ***数据库连接成功***
[2022-07-09T23:24:07.523] [INFO] info - ***数据库连接成功***
[2022-07-09T23:24:11.610] [INFO] info - ***数据库连接成功***
[2022-07-09T23:25:03.843] [INFO] info - ***数据库连接成功***
[2022-07-09T23:26:11.747] [INFO] info - ***数据库连接成功***
[2022-07-09T23:26:18.810] [INFO] info - ***数据库连接成功***
[2022-07-09T23:26:34.116] [INFO] info - get params:{}
[2022-07-09T23:26:34.116] [INFO] info - post params:{"userName":"admin","userPwd":"admin"}
[2022-07-09T23:26:34.376] [INFO] info - get params:{}
[2022-07-09T23:26:34.377] [INFO] info - post params:{}
[2022-07-09T23:26:34.498] [INFO] info - get params:{}
[2022-07-09T23:26:34.498] [INFO] info - post params:{}
[2022-07-09T23:28:25.877] [INFO] info - ***数据库连接成功***
[2022-07-09T23:28:30.038] [INFO] info - ***数据库连接成功***
[2022-07-09T23:28:33.541] [INFO] info - ***数据库连接成功***
[2022-07-09T23:28:37.875] [INFO] info - ***数据库连接成功***
[2022-07-09T23:28:39.767] [INFO] info - ***数据库连接成功***
[2022-07-09T23:28:41.315] [INFO] info - ***数据库连接成功***
[2022-07-09T23:28:42.889] [INFO] info - ***数据库连接成功***
[2022-07-09T23:29:30.319] [INFO] info - ***数据库连接成功***
[2022-07-09T23:33:40.737] [INFO] info - ***数据库连接成功***
[2022-07-09T23:33:58.614] [INFO] info - ***数据库连接成功***
[2022-07-09T23:34:03.090] [INFO] info - ***数据库连接成功***
[2022-07-09T23:34:10.777] [INFO] info - ***数据库连接成功***
[2022-07-09T23:34:12.722] [INFO] info - ***数据库连接成功***
[2022-07-09T23:34:14.845] [INFO] info - ***数据库连接成功***
[2022-07-09T23:34:15.792] [INFO] info - ***数据库连接成功***
[2022-07-09T23:34:18.736] [INFO] info - ***数据库连接成功***
[2022-07-09T23:34:22.262] [INFO] info - ***数据库连接成功***
[2022-07-09T23:34:23.112] [INFO] info - ***数据库连接成功***
[2022-07-09T23:34:26.700] [INFO] info - ***数据库连接成功***
[2022-07-09T23:34:28.953] [INFO] info - ***数据库连接成功***
[2022-07-09T23:34:30.019] [INFO] info - ***数据库连接成功***
[2022-07-09T23:34:31.454] [INFO] info - ***数据库连接成功***
[2022-07-09T23:34:35.048] [INFO] info - ***数据库连接成功***
[2022-07-09T23:34:55.702] [INFO] info - ***数据库连接成功***
[2022-07-09T23:34:59.956] [INFO] info - ***数据库连接成功***
[2022-07-09T23:35:01.890] [INFO] info - ***数据库连接成功***
[2022-07-09T23:35:03.154] [INFO] info - ***数据库连接成功***
[2022-07-09T23:35:04.907] [INFO] info - ***数据库连接成功***
[2022-07-09T23:35:11.521] [INFO] info - ***数据库连接成功***
[2022-07-09T23:35:15.776] [INFO] info - ***数据库连接成功***
[2022-07-09T23:35:43.356] [INFO] info - ***数据库连接成功***
[2022-07-09T23:35:44.229] [INFO] info - ***数据库连接成功***
[2022-07-09T23:35:51.611] [INFO] info - ***数据库连接成功***
[2022-07-09T23:35:52.552] [INFO] info - ***数据库连接成功***
[2022-07-09T23:35:53.941] [INFO] info - ***数据库连接成功***
[2022-07-09T23:35:55.724] [INFO] info - ***数据库连接成功***
[2022-07-09T23:35:58.795] [INFO] info - ***数据库连接成功***
[2022-07-09T23:36:01.148] [INFO] info - ***数据库连接成功***
[2022-07-09T23:36:02.045] [INFO] info - ***数据库连接成功***
[2022-07-09T23:36:06.645] [INFO] info - ***数据库连接成功***
[2022-07-09T23:36:07.463] [INFO] info - ***数据库连接成功***
[2022-07-09T23:36:10.793] [INFO] info - ***数据库连接成功***
[2022-07-09T23:36:14.412] [INFO] info - ***数据库连接成功***
[2022-07-09T23:36:15.669] [INFO] info - ***数据库连接成功***
[2022-07-09T23:36:29.868] [INFO] info - ***数据库连接成功***
[2022-07-09T23:36:35.941] [INFO] info - ***数据库连接成功***
[2022-07-09T23:36:37.444] [INFO] info - ***数据库连接成功***
[2022-07-09T23:37:02.748] [INFO] info - get params:{}
[2022-07-09T23:37:02.749] [INFO] info - post params:{"userName":"admin","userPwd":"admin"}
[2022-07-09T23:37:03.097] [INFO] info - get params:{}
[2022-07-09T23:37:03.097] [INFO] info - post params:{}
[2022-07-09T23:37:03.102] [INFO] info - get params:{}
[2022-07-09T23:37:03.102] [INFO] info - post params:{}
[2022-07-09T23:37:22.930] [INFO] info - get params:{}
[2022-07-09T23:37:22.930] [INFO] info - post params:{}
[2022-07-09T23:37:22.933] [INFO] info - get params:{}
[2022-07-09T23:37:22.933] [INFO] info - post params:{}
[2022-07-09T23:37:33.459] [INFO] info - ***数据库连接成功***
[2022-07-09T23:37:34.952] [INFO] info - ***数据库连接成功***
[2022-07-09T23:37:41.282] [INFO] info - ***数据库连接成功***
[2022-07-09T23:37:46.600] [INFO] info - get params:{}
[2022-07-09T23:37:46.600] [INFO] info - post params:{}
[2022-07-09T23:37:46.609] [INFO] info - get params:{}
[2022-07-09T23:37:46.609] [INFO] info - post params:{}
[2022-07-09T23:38:22.469] [INFO] info - ***数据库连接成功***
[2022-07-09T23:38:23.172] [INFO] info - ***数据库连接成功***
[2022-07-09T23:38:24.742] [INFO] info - ***数据库连接成功***
[2022-07-09T23:38:27.446] [INFO] info - ***数据库连接成功***
[2022-07-09T23:38:40.792] [INFO] info - ***数据库连接成功***
[2022-07-09T23:39:03.328] [INFO] info - get params:{}
[2022-07-09T23:39:03.329] [INFO] info - post params:{"userName":"admin","userPwd":"admin"}
[2022-07-09T23:39:03.588] [INFO] info - get params:{}
[2022-07-09T23:39:03.588] [INFO] info - post params:{}
[2022-07-09T23:39:03.715] [INFO] info - get params:{}
[2022-07-09T23:39:03.715] [INFO] info - post params:{}
[2022-07-10T10:05:14.634] [INFO] info - get params:{}
[2022-07-10T10:05:14.635] [INFO] info - post params:{}
[2022-07-10T10:05:14.646] [INFO] info - get params:{}
[2022-07-10T10:05:14.647] [INFO] info - post params:{}
[2022-07-10T10:05:38.955] [INFO] info - get params:{}
[2022-07-10T10:05:38.956] [INFO] info - post params:{"userName":"admin","userPwd":"admin"}
[2022-07-10T10:06:03.694] [INFO] info - get params:{}
[2022-07-10T10:06:03.695] [INFO] info - post params:{"userName":"admin","userPwd":"admin"}
[2022-07-10T10:06:04.673] [INFO] info - get params:{}
[2022-07-10T10:06:04.673] [INFO] info - post params:{"userName":"admin","userPwd":"admin"}
[2022-07-10T10:06:05.304] [INFO] info - get params:{}
[2022-07-10T10:06:05.305] [INFO] info - post params:{"userName":"admin","userPwd":"admin"}
[2022-07-10T10:07:13.366] [INFO] info - ***数据库连接成功***
[2022-07-10T10:07:17.624] [INFO] info - get params:{}
[2022-07-10T10:07:17.624] [INFO] info - post params:{"userName":"admin","userPwd":"admin"}
[2022-07-10T10:07:17.886] [INFO] info - get params:{}
[2022-07-10T10:07:17.886] [INFO] info - post params:{}
[2022-07-10T10:07:18.015] [INFO] info - get params:{}
[2022-07-10T10:07:18.016] [INFO] info - post params:{}
[2022-07-10T10:26:12.193] [INFO] info - get params:{}
[2022-07-10T10:26:12.194] [INFO] info - post params:{}
[2022-07-10T10:26:12.202] [INFO] info - get params:{}
[2022-07-10T10:26:12.203] [INFO] info - post params:{}
[2022-07-10T10:26:19.468] [INFO] info - get params:{}
[2022-07-10T10:26:19.468] [INFO] info - post params:{"userName":"admin","userPwd":"admin"}
[2022-07-10T10:26:25.070] [INFO] info - get params:{}
[2022-07-10T10:26:25.070] [INFO] info - post params:{"userName":"admin","userPwd":"admin"}
[2022-07-10T10:26:25.600] [INFO] info - get params:{}
[2022-07-10T10:26:25.600] [INFO] info - post params:{"userName":"admin","userPwd":"admin"}
[2022-07-10T10:26:26.094] [INFO] info - get params:{}
[2022-07-10T10:26:26.094] [INFO] info - post params:{"userName":"admin","userPwd":"admin"}
[2022-07-10T10:26:26.256] [INFO] info - get params:{}
[2022-07-10T10:26:26.257] [INFO] info - post params:{"userName":"admin","userPwd":"admin"}
[2022-07-10T10:26:26.410] [INFO] info - get params:{}
[2022-07-10T10:26:26.410] [INFO] info - post params:{"userName":"admin","userPwd":"admin"}
[2022-07-10T12:06:14.200] [INFO] info - ***数据库连接成功***
[2022-07-10T12:06:57.069] [INFO] info - get params:{}
[2022-07-10T12:06:57.070] [INFO] info - post params:{}
[2022-07-10T12:06:57.080] [INFO] info - get params:{}
[2022-07-10T12:06:57.081] [INFO] info - post params:{}
[2022-07-10T12:10:28.770] [INFO] info - get params:{}
[2022-07-10T12:10:28.771] [INFO] info - post params:{"userName":"admin","userPwd":"admin"}
[2022-07-10T12:10:28.834] [INFO] info - get params:{}
[2022-07-10T12:10:28.834] [INFO] info - post params:{}
[2022-07-10T12:10:28.837] [INFO] info - get params:{}
[2022-07-10T12:10:28.837] [INFO] info - post params:{}
[2022-07-10T12:11:55.064] [INFO] info - ***数据库连接成功***
[2022-07-10T12:13:12.555] [INFO] info - get params:{}
[2022-07-10T12:13:12.556] [INFO] info - post params:{"userName":"admin","userPwd":"admin"}
[2022-07-10T12:13:12.786] [INFO] info - get params:{}
[2022-07-10T12:13:12.786] [INFO] info - post params:{}
[2022-07-10T12:13:12.929] [INFO] info - get params:{}
[2022-07-10T12:13:12.930] [INFO] info - post params:{}
[2022-07-10T12:13:56.829] [INFO] info - ***数据库连接成功***
[2022-07-10T12:14:06.283] [INFO] info - get params:{}
[2022-07-10T12:14:06.284] [INFO] info - post params:{"userName":"admin","userPwd":"admin"}
[2022-07-10T12:14:06.365] [INFO] info - get params:{}
[2022-07-10T12:14:06.366] [INFO] info - post params:{}
[2022-07-10T12:14:06.371] [INFO] info - get params:{}
[2022-07-10T12:14:06.372] [INFO] info - post params:{}
[2022-07-10T12:14:25.862] [INFO] info - ***数据库连接成功***
[2022-07-10T12:17:48.087] [INFO] info - ***数据库连接成功***
[2022-07-10T12:17:52.749] [INFO] info - get params:{}
[2022-07-10T12:17:52.750] [INFO] info - post params:{"userName":"admin","userPwd":"admin"}
[2022-07-10T12:17:53.026] [INFO] info - get params:{}
[2022-07-10T12:17:53.027] [INFO] info - post params:{}
[2022-07-10T12:17:53.131] [INFO] info - get params:{}
[2022-07-10T12:17:53.131] [INFO] info - post params:{}
[2022-07-10T12:18:11.866] [INFO] info - ***数据库连接成功***
[2022-07-10T12:18:25.053] [INFO] info - ***数据库连接成功***
[2022-07-10T12:18:26.322] [INFO] info - ***数据库连接成功***
[2022-07-10T12:18:28.536] [INFO] info - ***数据库连接成功***
[2022-07-10T12:18:35.603] [INFO] info - ***数据库连接成功***
[2022-07-10T12:18:37.197] [INFO] info - ***数据库连接成功***
[2022-07-10T12:50:35.493] [INFO] info - ***数据库连接成功***
[2022-07-10T12:50:36.526] [INFO] info - ***数据库连接成功***
[2022-07-10T12:50:37.836] [INFO] info - ***数据库连接成功***
[2022-07-10T12:50:41.595] [INFO] info - ***数据库连接成功***
[2022-07-10T12:50:42.833] [INFO] info - ***数据库连接成功***
[2022-07-10T12:50:44.219] [INFO] info - ***数据库连接成功***
[2022-07-10T12:50:45.476] [INFO] info - ***数据库连接成功***
[2022-07-10T13:21:02.721] [INFO] info - ***数据库连接成功***
[2022-07-10T13:21:39.867] [INFO] info - ***数据库连接成功***
[2022-07-10T13:21:40.845] [INFO] info - ***数据库连接成功***
[2022-07-10T13:21:42.200] [INFO] info - ***数据库连接成功***
[2022-07-10T13:21:44.914] [INFO] info - ***数据库连接成功***
[2022-07-10T13:21:47.134] [INFO] info - ***数据库连接成功***
[2022-07-10T13:21:49.592] [INFO] info - ***数据库连接成功***
[2022-07-10T13:21:53.852] [INFO] info - ***数据库连接成功***
[2022-07-10T13:21:56.740] [INFO] info - ***数据库连接成功***
[2022-07-10T13:22:01.424] [INFO] info - ***数据库连接成功***
[2022-07-10T13:22:47.229] [INFO] info - ***数据库连接成功***
[2022-07-10T13:22:49.254] [INFO] info - ***数据库连接成功***
[2022-07-10T13:22:50.812] [INFO] info - ***数据库连接成功***
[2022-07-10T13:22:54.388] [INFO] info - ***数据库连接成功***
[2022-07-10T13:22:58.457] [INFO] info - ***数据库连接成功***
[2022-07-10T13:33:34.529] [INFO] info - get params:{}
[2022-07-10T13:33:34.529] [INFO] info - post params:{"userName":"admin","userPwd":"admin"}
[2022-07-10T13:33:34.679] [INFO] info - get params:{}
[2022-07-10T13:33:34.679] [INFO] info - post params:{}
[2022-07-10T13:33:34.730] [INFO] info - get params:{}
[2022-07-10T13:33:34.732] [INFO] info - post params:{}
[2022-07-10T13:34:35.859] [INFO] info - ***数据库连接成功***
[2022-07-10T14:09:45.608] [INFO] info - ***数据库连接成功***
[2022-07-10T14:09:46.575] [INFO] info - ***数据库连接成功***
[2022-07-10T14:09:47.821] [INFO] info - ***数据库连接成功***
[2022-07-10T14:09:50.839] [INFO] info - ***数据库连接成功***
[2022-07-10T14:09:52.277] [INFO] info - ***数据库连接成功***
[2022-07-10T14:09:53.036] [INFO] info - ***数据库连接成功***
[2022-07-10T14:09:53.911] [INFO] info - ***数据库连接成功***
[2022-07-10T14:09:55.710] [INFO] info - ***数据库连接成功***
[2022-07-10T14:13:36.463] [INFO] info - ***数据库连接成功***
[2022-07-10T14:13:40.599] [INFO] info - ***数据库连接成功***
[2022-07-10T14:13:57.189] [INFO] info - get params:{}
[2022-07-10T14:13:57.190] [INFO] info - post params:{"userName":"admin","userPwd":"admin"}
[2022-07-10T14:13:57.468] [INFO] info - get params:{}
[2022-07-10T14:13:57.469] [INFO] info - post params:{}
[2022-07-10T14:13:57.570] [INFO] info - get params:{}
[2022-07-10T14:13:57.570] [INFO] info - post params:{}
[2022-07-10T14:14:16.777] [INFO] info - ***数据库连接成功***
[2022-07-10T14:14:19.237] [INFO] info - ***数据库连接成功***
[2022-07-10T14:14:20.227] [INFO] info - ***数据库连接成功***
[2022-07-10T14:14:34.205] [INFO] info - ***数据库连接成功***
[2022-07-10T14:14:35.034] [INFO] info - ***数据库连接成功***
[2022-07-10T14:14:35.929] [INFO] info - ***数据库连接成功***
[2022-07-10T14:15:28.564] [INFO] info - ***数据库连接成功***
[2022-07-10T14:15:34.384] [INFO] info - ***数据库连接成功***
[2022-07-10T14:15:36.961] [INFO] info - ***数据库连接成功***
[2022-07-10T14:15:37.696] [INFO] info - ***数据库连接成功***
[2022-07-10T14:15:41.361] [INFO] info - ***数据库连接成功***
[2022-07-10T14:19:24.260] [INFO] info - ***数据库连接成功***
[2022-07-10T14:19:25.706] [INFO] info - ***数据库连接成功***
[2022-07-10T14:20:42.577] [INFO] info - get params:{}
[2022-07-10T14:20:42.577] [INFO] info - post params:{"userName":"admin","userPwd":"admin"}
[2022-07-10T14:20:42.863] [INFO] info - get params:{}
[2022-07-10T14:20:42.864] [INFO] info - post params:{}
[2022-07-10T14:20:42.960] [INFO] info - get params:{}
[2022-07-10T14:20:42.960] [INFO] info - post params:{}
[2022-07-10T14:24:06.818] [INFO] info - get params:{}
[2022-07-10T14:24:06.818] [INFO] info - post params:{"userName":"admin","userPwd":"admin"}
[2022-07-10T14:24:07.087] [INFO] info - get params:{}
[2022-07-10T14:24:07.088] [INFO] info - post params:{}
[2022-07-10T14:24:07.177] [INFO] info - get params:{}
[2022-07-10T14:24:07.177] [INFO] info - post params:{}
[2022-07-10T14:34:21.955] [INFO] info - get params:{}
[2022-07-10T14:34:21.955] [INFO] info - post params:{"userName":"admin","userPwd":"admin"}
[2022-07-10T14:34:22.227] [INFO] info - get params:{}
[2022-07-10T14:34:22.228] [INFO] info - post params:{}
[2022-07-10T14:34:22.331] [INFO] info - get params:{}
[2022-07-10T14:34:22.331] [INFO] info - post params:{}
[2022-07-10T14:36:49.294] [INFO] info - ***数据库连接成功***
[2022-07-10T14:36:54.776] [INFO] info - get params:{}
[2022-07-10T14:36:54.776] [INFO] info - post params:{"userName":"admin","userPwd":"admin"}
[2022-07-10T14:36:55.004] [INFO] info - get params:{}
[2022-07-10T14:36:55.005] [INFO] info - post params:{}
[2022-07-10T14:36:55.158] [INFO] info - get params:{}
[2022-07-10T14:36:55.158] [INFO] info - post params:{}
[2022-07-10T14:37:36.172] [INFO] info - ***数据库连接成功***
[2022-07-10T14:38:01.468] [INFO] info - ***数据库连接成功***
[2022-07-10T14:38:05.536] [INFO] info - ***数据库连接成功***
[2022-07-10T14:38:06.477] [INFO] info - ***数据库连接成功***
[2022-07-10T14:38:07.339] [INFO] info - ***数据库连接成功***
[2022-07-10T14:38:08.719] [INFO] info - ***数据库连接成功***
[2022-07-10T14:38:13.397] [INFO] info - ***数据库连接成功***
[2022-07-10T14:38:14.818] [INFO] info - ***数据库连接成功***
[2022-07-10T14:38:27.048] [INFO] info - ***数据库连接成功***
[2022-07-10T14:38:43.833] [INFO] info - ***数据库连接成功***
[2022-07-10T14:38:48.479] [INFO] info - ***数据库连接成功***
[2022-07-10T14:38:51.809] [INFO] info - ***数据库连接成功***
[2022-07-10T14:38:58.761] [INFO] info - ***数据库连接成功***
[2022-07-10T14:39:00.170] [INFO] info - ***数据库连接成功***
[2022-07-10T14:39:03.998] [INFO] info - ***数据库连接成功***
[2022-07-10T14:39:06.807] [INFO] info - ***数据库连接成功***
[2022-07-10T14:39:08.209] [INFO] info - ***数据库连接成功***
[2022-07-10T14:39:09.411] [INFO] info - ***数据库连接成功***
[2022-07-10T14:39:11.217] [INFO] info - ***数据库连接成功***
[2022-07-10T14:39:14.536] [INFO] info - ***数据库连接成功***
[2022-07-10T14:39:15.745] [INFO] info - ***数据库连接成功***
[2022-07-10T14:39:17.428] [INFO] info - ***数据库连接成功***
[2022-07-10T14:39:41.401] [INFO] info - ***数据库连接成功***
[2022-07-10T14:39:46.895] [INFO] info - ***数据库连接成功***
[2022-07-10T14:39:49.790] [INFO] info - ***数据库连接成功***
[2022-07-10T14:39:52.933] [INFO] info - ***数据库连接成功***
[2022-07-10T14:40:06.039] [INFO] info - get params:{}
[2022-07-10T14:40:06.040] [INFO] info - post params:{"userName":"admin","userPwd":"admin"}
[2022-07-10T14:40:32.843] [INFO] info - ***数据库连接成功***
[2022-07-10T14:40:34.722] [INFO] info - get params:{}
[2022-07-10T14:40:34.722] [INFO] info - post params:{"userName":"admin","userPwd":"admin"}
[2022-07-10T14:40:35.120] [INFO] info - get params:{}
[2022-07-10T14:40:35.120] [INFO] info - post params:{}
[2022-07-10T14:40:35.123] [INFO] info - get params:{}
[2022-07-10T14:40:35.124] [INFO] info - post params:{}
[2022-07-10T14:41:21.764] [INFO] info - ***数据库连接成功***
[2022-07-10T14:41:22.651] [INFO] info - ***数据库连接成功***
[2022-07-10T14:41:24.057] [INFO] info - ***数据库连接成功***
[2022-07-10T14:41:27.102] [INFO] info - ***数据库连接成功***
[2022-07-10T14:41:34.338] [INFO] info - get params:{}
[2022-07-10T14:41:34.339] [INFO] info - post params:{"userName":"admin","userPwd":"admin"}
[2022-07-10T14:41:34.432] [INFO] info - get params:{}
[2022-07-10T14:41:34.433] [INFO] info - post params:{}
[2022-07-10T14:41:34.437] [INFO] info - get params:{}
[2022-07-10T14:41:34.437] [INFO] info - post params:{}
[2022-07-10T14:41:50.652] [INFO] info - ***数据库连接成功***
[2022-07-10T14:41:51.571] [INFO] info - ***数据库连接成功***
[2022-07-10T14:41:52.959] [INFO] info - ***数据库连接成功***
[2022-07-10T14:41:56.359] [INFO] info - ***数据库连接成功***
[2022-07-10T14:42:03.467] [INFO] info - ***数据库连接成功***
[2022-07-10T14:42:06.278] [INFO] info - ***数据库连接成功***
[2022-07-10T14:42:10.898] [INFO] info - ***数据库连接成功***
[2022-07-10T14:42:12.243] [INFO] info - ***数据库连接成功***
[2022-07-10T14:42:14.989] [INFO] info - ***数据库连接成功***
[2022-07-10T14:42:18.880] [INFO] info - ***数据库连接成功***
[2022-07-10T14:42:21.592] [INFO] info - ***数据库连接成功***
[2022-07-10T14:42:27.378] [INFO] info - ***数据库连接成功***
[2022-07-10T14:42:28.646] [INFO] info - ***数据库连接成功***
[2022-07-10T14:42:30.102] [INFO] info - ***数据库连接成功***
[2022-07-10T14:42:31.694] [INFO] info - ***数据库连接成功***
[2022-07-10T14:42:32.548] [INFO] info - ***数据库连接成功***
[2022-07-10T14:42:35.174] [INFO] info - ***数据库连接成功***
[2022-07-10T14:42:38.521] [INFO] info - ***数据库连接成功***
[2022-07-10T14:42:48.957] [INFO] info - ***数据库连接成功***
[2022-07-10T14:42:53.062] [INFO] info - ***数据库连接成功***
[2022-07-10T14:42:56.678] [INFO] info - ***数据库连接成功***
[2022-07-10T14:43:00.965] [INFO] info - ***数据库连接成功***
[2022-07-10T14:44:19.189] [INFO] info - ***数据库连接成功***
[2022-07-10T14:45:08.788] [INFO] info - ***数据库连接成功***
[2022-07-10T14:45:31.208] [INFO] info - ***数据库连接成功***
[2022-07-10T14:53:28.402] [INFO] info - get params:{}
[2022-07-10T14:53:28.403] [INFO] info - post params:{"userName":"admin","userPwd":"admin"}
[2022-07-10T14:53:28.512] [INFO] info - get params:{}
[2022-07-10T14:53:28.512] [INFO] info - post params:{}
[2022-07-10T14:53:28.516] [INFO] info - get params:{}
[2022-07-10T14:53:28.516] [INFO] info - post params:{}
[2022-07-10T14:54:08.623] [INFO] info - get params:{}
[2022-07-10T14:54:08.624] [INFO] info - post params:{"userName":"admin","userPwd":"admin"}
[2022-07-10T14:54:08.784] [INFO] info - get params:{}
[2022-07-10T14:54:08.784] [INFO] info - post params:{}
[2022-07-10T14:54:08.787] [INFO] info - get params:{}
[2022-07-10T14:54:08.787] [INFO] info - post params:{}
[2022-07-10T14:55:30.838] [INFO] info - get params:{}
[2022-07-10T14:55:30.838] [INFO] info - post params:{"userName":"admin","userPwd":"admin"}
[2022-07-10T15:02:58.637] [INFO] info - ***数据库连接成功***
[2022-07-10T15:03:00.005] [INFO] info - ***数据库连接成功***
[2022-07-10T15:03:02.429] [INFO] info - ***数据库连接成功***
[2022-07-10T15:12:35.074] [INFO] info - get params:{}
[2022-07-10T15:12:35.075] [INFO] info - post params:{}
[2022-07-10T15:12:35.083] [INFO] info - get params:{}
[2022-07-10T15:12:35.083] [INFO] info - post params:{}
[2022-07-10T15:14:06.123] [INFO] info - get params:{}
[2022-07-10T15:14:06.123] [INFO] info - post params:{"userName":"admin","userPwd":"admin"}
[2022-07-10T15:14:06.132] [INFO] info - get params:{}
[2022-07-10T15:14:06.132] [INFO] info - post params:{"userName":"admin","userPwd":"admin"}
[2022-07-10T15:43:47.685] [INFO] info - ***数据库连接成功***
[2022-07-10T17:01:57.213] [INFO] info - get params:{}
[2022-07-10T17:01:57.214] [INFO] info - post params:{"userName":"admin","userPwd":"admin"}
[2022-07-10T17:10:54.735] [INFO] info - get params:{}
[2022-07-10T17:10:54.735] [INFO] info - post params:{"userName":"admin","userPwd":"admin"}
[2022-07-10T19:10:38.254] [INFO] info - ***数据库连接成功***
